  822  git clone git@github.com:Atishay8192261/cs131.git
  823  cd cs131
  824  cat .git/config 
  825  git status
  826  ls
  827  mkdir Worksheet5
  828  cd Worksheet5
  829  wget https://raw.githubusercontent.com/khanchandaniashish/CS131/main/Global%20YouTube%20Statistics.csv
  830   mkdir -p "United States"
  831  mkdir -p "United States"
  832  vi script.sh
  833  chmod +x script.sh
  834  ./script.sh
  835  cd "United States"
  836  echo "Music: $(wc -l < Music.txt)" > ws5.txt
  837  echo "Entertainment: $(wc -l < Entertainment.txt)" >> ws5.txt
  838  echo "Gaming: $(wc -l < Gaming.txt)" >> ws5.txt
  839   echo "Comedy: $(wc -l < Comedy.txt)" >> ws5.txt
  840  cat ws5.txt
  841  history > cmds.log
