  599  git init
  600  git config --global user.name "Atishsy8192261"
  601  git config --global user.email "smartatishay09@gmail.com"
  602  git config --global user.name "Atishay8192261"
  603  cd cs131
  604  mkdir Assignment3
  605  cd Assignment3
  606  wget https://raw.githubusercontent.com/khanchandaniashish/CS131/main/awksp24/last.fake
  607  wget https://raw.githubusercontent.com/khanchandaniashish/CS131/main/awksp24/passwd.fake
  608  wget https://raw.githubusercontent.com/khanchandaniashish/CS131/main/awksp24/ps.fake
  609  wc -l last.fake
  610  grep 'sp24' last.fake > lastsp24.fake
  611  wc -l lastsp24.fake
  612  awk '/Sun/ {print $1}' lastsp24.fake | sort | uniq | awk 'BEGIN {print "The list of people who worked on Sunday are:"} {print} END {print "Kudos to these people for putting in the work"}'
  613  awk '$4 >= "23:00" || $4 <= "04:00" {print $1}' lastsp24.fake | sort | uniq | awk 'BEGIN {print "Night Owls List:"} {print} END {print "Night Owls are dope. Please ensure you get enough sleep though."}'
  614  awk '$4 >= "05:00" && $4 <= "09:00" {print $1}' lastsp24.fake | sort | uniq | awk 'BEGIN {print "Early Birds List:"} {print} END {print "Early Birds are dope. Please ensure you get enough sleep though."}'
  615  awk '/^t/ {print $1}' lastsp24.fake | sort | uniq
  616  awk -F: '$1 ~ /^a/ && $3 % 2 == 0 {print $1}' passwd.fake | sort | uniq
  617  sed 's/[a-zA-Z0-9 ]//g' passwd.fake | sort -u
  618  history >> cmds.log
