    1  passwd
    2  wget www.github.com
    3  sudo apt-get update
    4  git status
    5  clone git@github.com:Atishay8192261/cs131.git
    6  git status
    7  clear
    8  git clone https://github.com/Atishay8192261/cs131.git
    9  mkdir cs131
   10  mkdir Worksheet1
   11  cd Worksheet1
   12  clearr
   13  clear
   14  cd
   15  git clone https://github.com/Atishay8192261/cs131.git
   16  clear
   17  mkdir -p ~/cs131/Worksheet1
   18  cd ~/cs131/Worksheet1
   19  git init
   20  git config --global user.name "Atishay8192261"
   21  git config --global user.email "smartatishay09@gmail.com"
   22  git config --global user.name "Atishay8192261"
   23  ssh-keygen -t ed25519 -C "youremail@example.com"
   24  mkdir -p ~/cs131/Worksheet1
   25  cd ~/cs131/Worksheet1
   26  git init
   27  git config --global user.name "Atishay8192261"
   28  git config --global user.email "smartatishay09@gmail.com"
   29  ssh-keygen -t ed25519 -C "smartatishay09@gmail.com"
   30  cat ~/.ssh/id_ed25519.pub
   31  git remote add origin git@github.com:Atishay8192261/cs131.git
   32  clear
   33  git remote add origin git@github.com:Atishay8192261/cs131.git
   34  mkdir Worksheet1
   35  cd Worksheet1
   36  history > cmds.log
